<?xml version="1.0" encoding="UTF-8"?>
<!-- Generated by org.testng.reporters.JUnitXMLReporter -->
<testsuite ignored="0" hostname="TYSS-Chaithra" failures="0" tests="2" name="Default test" time="2.483" errors="0" timestamp="03 Jan 2022 06:27:46 GMT">
  <testcase classname="com.jenkin.jenkinTC.UserLogin" name="userLoginWithInvalidCredentials" time="0.01"/>
  <testcase classname="com.jenkin.jenkinTC.UserLogin" name="userLoginWithValidCredentials" time="0.003"/>
</testsuite> <!-- Default test -->
