<?xml version="1.0" encoding="UTF-8"?>
<testng-results ignored="0" total="2" passed="2" failed="0" skipped="0">
  <reporter-output>
  </reporter-output>
  <suite started-at="2022-01-03T06:27:44Z" name="Default suite" finished-at="2022-01-03T06:27:46Z" duration-ms="2483">
    <groups>
    </groups>
    <test started-at="2022-01-03T06:27:44Z" name="Default test" finished-at="2022-01-03T06:27:46Z" duration-ms="2483">
      <class name="com.jenkin.jenkinTC.UserLogin">
        <test-method is-config="true" signature="connectToDB()[pri:0, instance:com.jenkin.jenkinTC.UserLogin@d278d2b]" started-at="2022-01-03T06:27:44Z" name="connectToDB" finished-at="2022-01-03T06:27:44Z" duration-ms="7" status="PASS">
          <reporter-output>
          </reporter-output>
        </test-method> <!-- connectToDB -->
        <test-method is-config="true" signature="initBrowserI()[pri:0, instance:com.jenkin.jenkinTC.UserLogin@d278d2b]" started-at="2022-01-03T06:27:44Z" name="initBrowserI" finished-at="2022-01-03T06:27:45Z" duration-ms="1591" status="PASS">
          <reporter-output>
          </reporter-output>
        </test-method> <!-- initBrowserI -->
        <test-method is-config="true" signature="login()[pri:0, instance:com.jenkin.jenkinTC.UserLogin@d278d2b]" started-at="2022-01-03T06:27:45Z" name="login" finished-at="2022-01-03T06:27:45Z" duration-ms="1" status="PASS">
          <reporter-output>
          </reporter-output>
        </test-method> <!-- login -->
        <test-method signature="userLoginWithInvalidCredentials()[pri:0, instance:com.jenkin.jenkinTC.UserLogin@d278d2b]" started-at="2022-01-03T06:27:45Z" name="userLoginWithInvalidCredentials" finished-at="2022-01-03T06:27:45Z" duration-ms="10" status="PASS">
          <reporter-output>
          </reporter-output>
        </test-method> <!-- userLoginWithInvalidCredentials -->
        <test-method is-config="true" signature="logout()[pri:0, instance:com.jenkin.jenkinTC.UserLogin@d278d2b]" started-at="2022-01-03T06:27:45Z" name="logout" finished-at="2022-01-03T06:27:45Z" duration-ms="1" status="PASS">
          <reporter-output>
          </reporter-output>
        </test-method> <!-- logout -->
        <test-method is-config="true" signature="login()[pri:0, instance:com.jenkin.jenkinTC.UserLogin@d278d2b]" started-at="2022-01-03T06:27:45Z" name="login" finished-at="2022-01-03T06:27:45Z" duration-ms="1" status="PASS">
          <reporter-output>
          </reporter-output>
        </test-method> <!-- login -->
        <test-method signature="userLoginWithValidCredentials()[pri:0, instance:com.jenkin.jenkinTC.UserLogin@d278d2b]" started-at="2022-01-03T06:27:45Z" name="userLoginWithValidCredentials" finished-at="2022-01-03T06:27:45Z" duration-ms="3" status="PASS">
          <reporter-output>
          </reporter-output>
        </test-method> <!-- userLoginWithValidCredentials -->
        <test-method is-config="true" signature="logout()[pri:0, instance:com.jenkin.jenkinTC.UserLogin@d278d2b]" started-at="2022-01-03T06:27:45Z" name="logout" finished-at="2022-01-03T06:27:45Z" duration-ms="0" status="PASS">
          <reporter-output>
          </reporter-output>
        </test-method> <!-- logout -->
        <test-method is-config="true" signature="quitBrowser()[pri:0, instance:com.jenkin.jenkinTC.UserLogin@d278d2b]" started-at="2022-01-03T06:27:45Z" name="quitBrowser" finished-at="2022-01-03T06:27:46Z" duration-ms="846" status="PASS">
          <reporter-output>
          </reporter-output>
        </test-method> <!-- quitBrowser -->
        <test-method is-config="true" signature="closeDB()[pri:0, instance:com.jenkin.jenkinTC.UserLogin@d278d2b]" started-at="2022-01-03T06:27:46Z" name="closeDB" finished-at="2022-01-03T06:27:46Z" duration-ms="1" status="PASS">
          <reporter-output>
          </reporter-output>
        </test-method> <!-- closeDB -->
      </class> <!-- com.jenkin.jenkinTC.UserLogin -->
    </test> <!-- Default test -->
  </suite> <!-- Default suite -->
</testng-results>
